<?xml version="1.0" encoding="UTF-8"?>
<testng-results ignored="0" total="1" passed="1" failed="0" skipped="0">
  <reporter-output>
  </reporter-output>
  <suite started-at="2025-01-28T23:16:20 IST" name="Default suite" finished-at="2025-01-28T23:16:20 IST" duration-ms="123">
    <groups>
    </groups>
    <test started-at="2025-01-28T23:16:20 IST" name="Default test" finished-at="2025-01-28T23:16:20 IST" duration-ms="123">
      <class name="TestNg.demo">
        <test-method signature="Demo()[pri:0, instance:TestNg.demo@41e1e210]" started-at="2025-01-28T23:16:20 IST" name="Demo" finished-at="2025-01-28T23:16:20 IST" duration-ms="16" status="PASS">
          <reporter-output>
          </reporter-output>
        </test-method> <!-- Demo -->
      </class> <!-- TestNg.demo -->
    </test> <!-- Default test -->
  </suite> <!-- Default suite -->
</testng-results>
